** Message: 11:28:31.413: environement.vala:58: Exporting primary_variable
** Message: 11:28:31.413: environement.vala:59: desktop_environnement XDG_CURRENT_DESKTOP
** Message: 11:28:31.413: environement.vala:150: confir_dirs is null, export : /etc/xdg
** Message: 11:28:31.413: environement.vala:184: Exporting XDG_CONFIG_DIRS
** Message: 11:28:31.413: environement.vala:218: custom_data :
** Message: 11:28:31.413: environement.vala:219: data_dirs :/usr/local/share:/usr/share/raspi-ui-overrides:/usr/share:/usr/share/gdm:/var/lib/menu-xdg
** Message: 11:28:31.414: environement.vala:220: data_dirs not null, export : /usr/local/share:/usr/share/raspi-ui-overrides:/usr/share:/usr/share/gdm:/var/lib/menu-xdg
** Message: 11:28:31.414: environement.vala:225: Exporting XDG_DATA_DIRS
** Message: 11:28:31.415: utils.vala:138: Config system location : /etc/xdg/lxsession/LXDE-pi
** Message: 11:28:31.416: utils.vala:144: System system path location : /etc/xdg/lxsession/LXDE-pi/desktop.conf
** Message: 11:28:31.416: utils.vala:148: Final file used : /etc/xdg/lxsession/LXDE-pi/desktop.conf
** Message: 11:28:31.416: utils.vala:39: Config system location : /etc/xdg/lxsession/LXDE-pi
** Message: 11:28:31.417: utils.vala:45: System system path location : /etc/xdg/lxsession/LXDE-pi/desktop.conf

** (lxsession:627): WARNING **: 11:28:31.421: utils.vala:70: No such file or directory
** Message: 11:28:31.421: settings.vala:540: Key file does not have key “iGtk/ColorScheme” in group “GTK”
** Message: 11:28:31.421: settings.vala:540: Key file does not have key “windows_manager/command” in group “Session”
** Message: 11:28:31.422: settings.vala:540: Key file does not have key “panel/command” in group “Session”
** Message: 11:28:31.422: settings.vala:540: Key file does not have key “dock/command” in group “Session”
** Message: 11:28:31.422: settings.vala:540: Key file does not have key “file_manager/command” in group “Session”
** Message: 11:28:31.422: settings.vala:540: Key file does not have key “desktop_manager/command” in group “Session”
** Message: 11:28:31.422: settings.vala:540: Key file does not have key “launcher_manager/autostart” in group “Session”
** Message: 11:28:31.422: settings.vala:540: Key file does not have key “composite_manager/command” in group “Session”
** Message: 11:28:31.422: settings.vala:540: Key file does not have key “im1/command” in group “Session”
** Message: 11:28:31.422: settings.vala:540: Key file does not have key “im2/command” in group “Session”
** Message: 11:28:31.423: settings.vala:540: Key file does not have key “widget1/command” in group “Session”
** Message: 11:28:31.423: settings.vala:540: Key file does not have key “notification/command” in group “Session”
** Message: 11:28:31.423: settings.vala:540: Key file does not have key “keybindings/command” in group “Session”
** Message: 11:28:31.423: settings.vala:540: Key file does not have key “im_manager/command” in group “Session”
** Message: 11:28:31.423: settings.vala:540: Key file does not have key “screensaver/command” in group “Session”
** Message: 11:28:31.423: settings.vala:540: Key file does not have key “power_manager/command” in group “Session”
** Message: 11:28:31.423: settings.vala:540: Key file does not have key “audio_manager/command” in group “Session”
** Message: 11:28:31.424: settings.vala:540: Key file does not have key “workspace_manager/command” in group “Session”
** Message: 11:28:31.424: settings.vala:540: Key file does not have key “screenshot_manager/command” in group “Session”
** Message: 11:28:31.424: settings.vala:540: Key file does not have key “message_manager/command” in group “Session”
** Message: 11:28:31.424: settings.vala:540: Key file does not have key “upgrade_manager/command” in group “Session”
** Message: 11:28:31.424: settings.vala:540: Key file does not have key “updates_manager/command” in group “Session”
** Message: 11:28:31.424: settings.vala:540: Key file does not have key “updates_manager/timeout” in group “Session”
** Message: 11:28:31.425: settings.vala:540: Key file does not have key “crash_manager/command” in group “Session”
** Message: 11:28:31.425: settings.vala:540: Key file does not have key “crash_manager/dev_mode” in group “Session”
** Message: 11:28:31.425: settings.vala:540: Key file does not have key “crash_manager/timeout” in group “Session”
** Message: 11:28:31.425: settings.vala:540: Key file does not have key “upstart_user_session” in group “Session”
** Message: 11:28:31.425: settings.vala:540: Key file does not have key “proxy_manager/http” in group “Session”
** Message: 11:28:31.426: settings.vala:540: Key file does not have key “a11y/command” in group “Session”
** Message: 11:28:31.426: settings.vala:540: Key file does not have key “xrandr/command” in group “Session”
** Message: 11:28:31.426: settings.vala:540: Key file does not have key “network_gui/command” in group “Session”
** Message: 11:28:31.426: settings.vala:540: Key file does not have key “webbrowser/command” in group “Session”
** Message: 11:28:31.426: settings.vala:540: Key file does not have key “email/command” in group “Session”
** Message: 11:28:31.426: settings.vala:540: Key file does not have key “pdf_reader/command” in group “Session”
** Message: 11:28:31.426: settings.vala:540: Key file does not have key “video_player/command” in group “Session”
** Message: 11:28:31.427: settings.vala:540: Key file does not have key “audio_player/command” in group “Session”
** Message: 11:28:31.427: settings.vala:540: Key file does not have key “images_display/command” in group “Session”
** Message: 11:28:31.427: settings.vala:540: Key file does not have key “text_editor/command” in group “Session”
** Message: 11:28:31.427: settings.vala:540: Key file does not have key “archive/command” in group “Session”
** Message: 11:28:31.427: settings.vala:540: Key file does not have key “charmap/command” in group “Session”
** Message: 11:28:31.427: settings.vala:540: Key file does not have key “calculator/command” in group “Session”
** Message: 11:28:31.427: settings.vala:540: Key file does not have key “spreadsheet/command” in group “Session”
** Message: 11:28:31.428: settings.vala:540: Key file does not have key “bittorent/command” in group “Session”
** Message: 11:28:31.428: settings.vala:540: Key file does not have key “document/command” in group “Session”
** Message: 11:28:31.428: settings.vala:540: Key file does not have key “webcam/command” in group “Session”
** Message: 11:28:31.428: settings.vala:540: Key file does not have key “burn/command” in group “Session”
** Message: 11:28:31.428: settings.vala:540: Key file does not have key “notes/command” in group “Session”
** Message: 11:28:31.428: settings.vala:540: Key file does not have key “disk_utility/command” in group “Session”
** Message: 11:28:31.428: settings.vala:540: Key file does not have key “tasks/command” in group “Session”
** Message: 11:28:31.429: settings.vala:540: Key file does not have group “Keymap”
** Message: 11:28:31.429: settings.vala:540: Key file does not have key “laptop_mode” in group “State”
** Message: 11:28:31.429: settings.vala:540: Key file does not have key “gnome” in group “Dbus”
** Message: 11:28:31.429: settings.vala:540: Key file does not have key “type” in group “Environment”
** Message: 11:28:31.429: settings.vala:540: Key file does not have key “ubuntu_menuproxy” in group “Environment”
** Message: 11:28:31.429: settings.vala:540: Key file does not have key “toolkit_integration” in group “Environment”
** Message: 11:28:31.430: settings.vala:540: Key file does not have key “gtk/overlay_scrollbar_disable” in group “Environment”
** Message: 11:28:31.430: settings.vala:540: Key file does not have key “qt/force_theme” in group “Environment”
** Message: 11:28:31.430: settings.vala:540: Key file does not have key “qt/platform” in group “Environment”
** Message: 11:28:31.432: settings.vala:462: Monitoring: /etc/xdg/lxsession/LXDE-pi/desktop.conf
** Message: 11:28:31.432: settings.vala:470: Desktop file is not in config home, monitoring creation of it
** Message: 11:28:31.432: settings.vala:485: Monitoring home path: /home/georgina/.config/lxsession/LXDE-pi/desktop.conf
** Message: 11:28:31.432: environement.vala:79: Exporting variable
** Message: 11:28:31.433: environement.vala:80: desktop_environnement XDG_CURRENT_DESKTOP
** Message: 11:28:31.433: environement.vala:177: custom_config :
** Message: 11:28:31.433: environement.vala:178: config_dirs :/etc/xdg
** Message: 11:28:31.433: environement.vala:179: confir_dirs not null, export : /etc/xdg
** Message: 11:28:31.433: environement.vala:184: Exporting XDG_CONFIG_DIRS
** Message: 11:28:31.433: environement.vala:218: custom_data :
** Message: 11:28:31.433: environement.vala:219: data_dirs :/usr/local/share:/usr/share/raspi-ui-overrides:/usr/share:/usr/share/gdm:/var/lib/menu-xdg
** Message: 11:28:31.433: environement.vala:220: data_dirs not null, export : /usr/local/share:/usr/share/raspi-ui-overrides:/usr/share:/usr/share/gdm:/var/lib/menu-xdg
** Message: 11:28:31.433: environement.vala:225: Exporting XDG_DATA_DIRS
** Message: 11:28:31.433: utils.vala:39: Config system location : /etc/xdg/lxsession/LXDE-pi
** Message: 11:28:31.434: utils.vala:45: System system path location : /etc/xdg/lxsession/LXDE-pi/desktop.conf

** (lxsession:627): WARNING **: 11:28:31.434: utils.vala:70: No such file or directory
** Message: 11:28:31.434: environement.vala:254: No entry in [Environment_variable]. Key file does not have group “Environment_variable”
** Message: 11:28:31.444: utils.vala:138: Config system location : /etc/xdg/lxsession/LXDE-pi
** Message: 11:28:31.444: utils.vala:144: System system path location : /etc/xdg/lxsession/LXDE-pi/conffiles.conf
** Message: 11:28:31.444: utils.vala:148: Final file used : /etc/xdg/lxsession/LXDE-pi/conffiles.conf
** Message: 11:28:31.444: options.vala:164: Activate xsettings_manager build-in
** Message: 11:28:31.444: utils.vala:39: Config system location : /etc/xdg/lxsession/LXDE-pi
** Message: 11:28:31.445: utils.vala:45: System system path location : /etc/xdg/lxsession/LXDE-pi/desktop.conf

** (lxsession:627): WARNING **: 11:28:31.445: utils.vala:70: No such file or directory
xprop:  no such property "_NET_NUMBER_OF_DESKTOPS"
xprop:  no such property "_NET_DESKTOP_NAMES"
** Message: 11:28:31.475: app.vala:721: polkit separate
** Message: 11:28:31.475: app.vala:721: polkit separate
** Message: 11:28:31.484: app.vala:76: Launching lxpolkit 
** Message: 11:28:31.485: utils.vala:138: Config system location : /etc/xdg/lxsession/LXDE-pi
** Message: 11:28:31.485: utils.vala:144: System system path location : /etc/xdg/lxsession/LXDE-pi/autostart
** Message: 11:28:31.485: utils.vala:148: Final file used : /etc/xdg/lxsession/LXDE-pi/autostart
** Message: 11:28:31.486: autostart.vala:42: Autostart path : /etc/xdg/lxsession/LXDE-pi/autostart
** Message: 11:28:31.521: app.vala:76: Launching lxpanel 
** Message: 11:28:31.559: app.vala:76: Launching pcmanfm 

** (lxsession:627): WARNING **: 11:28:31.589: app.vala:86: Failed to execute child process “xscreensaver” (No such file or directory)

** (lxsession:627): WARNING **: 11:28:31.590: app.vala:87: Error when launching xscreensaver
** Message: 11:28:31.617: app.vala:76: Launching point-rpi 
** Message: 11:28:31.628: options.vala:107: Create build-in Clipboard
** Message: 11:28:31.643: main.vala:441: Check keymap_mode (null)
** Message: 11:28:31.650: app.vala:76: Launching /usr/bin/ssh-agent 
SSH_AUTH_SOCK=/tmp/ssh-5E2J6ygoLxEp/agent.703; export SSH_AUTH_SOCK;
SSH_AGENT_PID=705; export SSH_AGENT_PID;
echo Agent pid 705;
** Message: 11:28:31.799: app.vala:130: point-rpi exit with this type of exit: 0
** Message: 11:28:31.799: app.vala:130: /usr/bin/ssh-agent exit with this type of exit: 0
** Message: 11:28:32.065: x-terminal-emulator has very limited support, consider choose another terminal
** Message: 11:28:32.148: x-terminal-emulator has very limited support, consider choose another terminal
Openbox-Message: Unable to find a valid menu file "/usr/share/lxde/openbox/menu.xml"

(lxpanel:696): GLib-GObject-CRITICAL **: 11:28:34.654: g_object_unref: assertion 'G_IS_OBJECT (object)' failed

(lxpanel:696): GLib-GObject-CRITICAL **: 11:28:34.660: g_object_unref: assertion 'G_IS_OBJECT (object)' failed

(lxpanel:696): GLib-GObject-CRITICAL **: 11:28:34.678: g_object_unref: assertion 'G_IS_OBJECT (object)' failed
** Message: 11:28:34.781: Connecting ...
** Message: 11:28:34.783: Status changed to down
Unit pt-device-manager.service could not be found.

** (lxpanel:696): WARNING **: 11:28:35.020: Battery 0 not found
** Message: 11:28:35.028: bt: Name org.bluez owned on DBus
** Message: 11:28:35.044: bt: New agent manager found
** Message: 11:28:35.048: bt: New adapter found
** Message: 11:28:35.261: va: Name org.bluez owned on DBus
** Message: 11:28:35.787: Status changed to opened
** Message: 11:28:35.787: Connected to dhcpcd-7.0.8
** Message: 11:28:35.791: Status changed to connected
** Message: 11:28:35.791: eth0: CARRIER
** Message: 11:28:35.791: eth0: Configured 10.10.3.99/23
** Message: 11:28:35.791: wlan0: Associated with TEST1
** Message: 11:28:35.791: wlan0: Configured 169.254.189.216/16
** Message: 11:28:35.797: wlan0: WPA status connected
** Message: 11:28:35.797: wlan0: Received scan results
/usr/bin/x-www-browser 
 --disable-quic --enable-tcp-fast-open --ppapi-flash-path=/usr/lib/chromium-browser/libpepflashplayer.so --ppapi-flash-args=enable_stagevideo_auto=0 --ppapi-flash-version=
** Message: 11:28:44.898: wlan0: Configured 10.10.3.83/23
** Message: 11:28:44.902: wlan0: Expired IPv4LL
libEGL warning: DRI2: failed to authenticate
[818:1001:0710/112852.036346:ERROR:object_proxy.cc(619)] Failed to call method: org.freedesktop.Notifications.GetCapabilities: object_path= /org/freedesktop/Notifications: org.freedesktop.DBus.Error.ServiceUnknown: The name org.freedesktop.Notifications was not provided by any .service files
[922:922:0710/112852.717497:ERROR:sandbox_linux.cc(368)] InitializeSandbox() called with multiple threads in process gpu-process.
[818:818:0710/112909.147871:ERROR:CONSOLE(279)] "Failed to execute 'postMessage' on 'DOMWindow': The target origin provided ('https://github.com') does not match the recipient window's origin ('chrome-search://local-ntp').", source: chrome-search://most-visited/single.js (279)
** Message: 11:29:29.163: wlan0: Disassociated from TEST1
** Message: 11:29:29.173: wlan0: Associated with TEST1
** Message: 11:37:11.151: wlan0: Configured 10.10.3.83/23
** Message: 11:37:15.080: wlan0: Received scan results
** Message: 11:38:15.068: wlan0: Received scan results
** Message: 11:39:15.045: wlan0: Received scan results
** Message: 11:40:15.039: wlan0: Received scan results
** Message: 11:41:15.055: wlan0: Received scan results
** Message: 11:42:15.103: wlan0: Received scan results
** Message: 11:43:15.100: wlan0: Received scan results
** Message: 11:44:15.047: wlan0: Received scan results
** Message: 11:45:15.055: wlan0: Received scan results
** Message: 11:46:15.074: wlan0: Received scan results
** Message: 11:47:15.058: wlan0: Received scan results
** Message: 11:48:15.061: wlan0: Received scan results
** Message: 11:49:15.066: wlan0: Received scan results
** Message: 11:50:15.068: wlan0: Received scan results
** Message: 11:51:15.100: wlan0: Received scan results
** Message: 11:52:15.040: wlan0: Received scan results
** Message: 11:53:15.109: wlan0: Received scan results
** Message: 11:54:15.065: wlan0: Received scan results
** Message: 11:55:15.067: wlan0: Received scan results
** Message: 11:56:15.065: wlan0: Received scan results
lxterminal
** Message: 11:57:15.065: wlan0: Received scan results
** Message: 11:58:15.057: wlan0: Received scan results
** Message: 11:59:15.134: wlan0: Received scan results
** Message: 12:00:15.076: wlan0: Received scan results
** Message: 12:01:15.069: wlan0: Received scan results
** Message: 12:02:15.087: wlan0: Received scan results
lxterminal
